{
  "numFailedTestSuites": 0,
  "numFailedTests": 0,
  "numPassedTestSuites": 1,
  "numPassedTests": 2,
  "numPendingTestSuites": 0,
  "numPendingTests": 0,
  "numRuntimeErrorTestSuites": 0,
  "numTodoTests": 0,
  "numTotalTestSuites": 1,
  "numTotalTests": 2,
  "openHandles": [],
  "snapshot": {
    "added": 0,
    "didUpdate": false,
    "failure": false,
    "filesAdded": 0,
    "filesRemoved": 0,
    "filesRemovedList": [],
    "filesUnmatched": 0,
    "filesUpdated": 0,
    "matched": 0,
    "total": 0,
    "unchecked": 0,
    "uncheckedKeysByFile": [],
    "unmatched": 0,
    "updated": 0
  },
  "startTime": 1578677579070,
  "success": false,
  "testResults": [
    {
      "failureMessage": null,
      "numFailingTests": 0,
      "numPassingTests": 2,
      "numPendingTests": 0,
      "numTodoTests": 0,
      "perfStats": {
        "end": 1578677580144,
        "start": 1578677579146
      },
      "snapshot": {
        "added": 0,
        "fileDeleted": false,
        "matched": 0,
        "unchecked": 0,
        "unmatched": 0,
        "updated": 0,
        "uncheckedKeys": []
      },
      "testFilePath": "/home/pascal/local/logger/__tests__/logger-factory.spec.ts",
      "testResults": [
        {
          "ancestorTitles": [
            "LoggerFactory"
          ],
          "duration": 5,
          "failureMessages": [],
          "fullName": "LoggerFactory throws an error when setup is not called before getting a logger",
          "location": null,
          "numPassingAsserts": 0,
          "status": "passed",
          "title": "throws an error when setup is not called before getting a logger"
        },
        {
          "ancestorTitles": [
            "LoggerFactory"
          ],
          "duration": 1,
          "failureMessages": [],
          "fullName": "LoggerFactory Create logger",
          "location": null,
          "numPassingAsserts": 0,
          "status": "passed",
          "title": "Create logger"
        }
      ],
      "skipped": false,
      "leaks": false
    }
  ],
  "wasInterrupted": false,
  "coverageMap": {
    "/home/pascal/local/logger/src/index.ts": {
      "path": "/home/pascal/local/logger/src/index.ts",
      "statementMap": {
        "0": {
          "start": {
            "line": 1,
            "column": 0
          },
          "end": {
            "line": 1,
            "column": 9
          }
        },
        "1": {
          "start": {
            "line": 1,
            "column": 9
          },
          "end": {
            "line": 1,
            "column": 41
          }
        }
      },
      "fnMap": {},
      "branchMap": {},
      "s": {
        "0": 1,
        "1": 1
      },
      "f": {},
      "b": {}
    },
    "/home/pascal/local/logger/src/factory/index.ts": {
      "path": "/home/pascal/local/logger/src/factory/index.ts",
      "statementMap": {
        "0": {
          "start": {
            "line": 1,
            "column": 0
          },
          "end": {
            "line": 1,
            "column": 32
          }
        }
      },
      "fnMap": {},
      "branchMap": {},
      "s": {
        "0": 1
      },
      "f": {},
      "b": {}
    },
    "/home/pascal/local/logger/src/factory/logger-factory.ts": {
      "path": "/home/pascal/local/logger/src/factory/logger-factory.ts",
      "statementMap": {
        "0": {
          "start": {
            "line": 1,
            "column": 0
          },
          "end": {
            "line": 1,
            "column": 63
          }
        },
        "1": {
          "start": {
            "line": 3,
            "column": 0
          },
          "end": {
            "line": 3,
            "column": 13
          }
        },
        "2": {
          "start": {
            "line": 12,
            "column": 8
          },
          "end": {
            "line": 12,
            "column": null
          }
        },
        "3": {
          "start": {
            "line": 13,
            "column": 8
          },
          "end": {
            "line": 13,
            "column": null
          }
        },
        "4": {
          "start": {
            "line": 16,
            "column": 11
          },
          "end": {
            "line": 28,
            "column": null
          }
        },
        "5": {
          "start": {
            "line": 17,
            "column": 52
          },
          "end": {
            "line": 17,
            "column": 74
          }
        },
        "6": {
          "start": {
            "line": 19,
            "column": 8
          },
          "end": {
            "line": 21,
            "column": null
          }
        },
        "7": {
          "start": {
            "line": 20,
            "column": 12
          },
          "end": {
            "line": 20,
            "column": null
          }
        },
        "8": {
          "start": {
            "line": 23,
            "column": 8
          },
          "end": {
            "line": 25,
            "column": null
          }
        },
        "9": {
          "start": {
            "line": 24,
            "column": 12
          },
          "end": {
            "line": 24,
            "column": null
          }
        },
        "10": {
          "start": {
            "line": 27,
            "column": 8
          },
          "end": {
            "line": 27,
            "column": null
          }
        },
        "11": {
          "start": {
            "line": 30,
            "column": 11
          },
          "end": {
            "line": 32,
            "column": null
          }
        },
        "12": {
          "start": {
            "line": 31,
            "column": 8
          },
          "end": {
            "line": 31,
            "column": null
          }
        },
        "13": {
          "start": {
            "line": 34,
            "column": 0
          },
          "end": {
            "line": 34,
            "column": null
          }
        },
        "14": {
          "start": {
            "line": 3,
            "column": 13
          },
          "end": {
            "line": 3,
            "column": 26
          }
        }
      },
      "fnMap": {
        "0": {
          "name": "(anonymous_0)",
          "decl": {
            "start": {
              "line": 3,
              "column": 0
            },
            "end": {
              "line": 3,
              "column": 13
            }
          },
          "loc": {
            "start": {
              "line": 3,
              "column": 0
            },
            "end": {
              "line": 34,
              "column": null
            }
          }
        },
        "1": {
          "name": "LoggerFactory",
          "decl": {
            "start": {
              "line": 11,
              "column": 4
            },
            "end": {
              "line": 11,
              "column": 24
            }
          },
          "loc": {
            "start": {
              "line": 11,
              "column": 46
            },
            "end": {
              "line": 14,
              "column": 5
            }
          }
        },
        "2": {
          "name": "(anonymous_2)",
          "decl": {
            "start": {
              "line": 16,
              "column": 4
            },
            "end": {
              "line": 16,
              "column": 11
            }
          },
          "loc": {
            "start": {
              "line": 16,
              "column": 34
            },
            "end": {
              "line": 28,
              "column": 5
            }
          }
        },
        "3": {
          "name": "(anonymous_3)",
          "decl": {
            "start": {
              "line": 30,
              "column": 4
            },
            "end": {
              "line": 30,
              "column": 11
            }
          },
          "loc": {
            "start": {
              "line": 30,
              "column": 39
            },
            "end": {
              "line": 32,
              "column": 5
            }
          }
        }
      },
      "branchMap": {
        "0": {
          "loc": {
            "start": {
              "line": 19,
              "column": 8
            },
            "end": {
              "line": 21,
              "column": null
            }
          },
          "type": "if",
          "locations": [
            {
              "start": {
                "line": 19,
                "column": 8
              },
              "end": {
                "line": 21,
                "column": null
              }
            },
            {
              "start": {
                "line": 19,
                "column": 8
              },
              "end": {
                "line": 21,
                "column": null
              }
            }
          ]
        },
        "1": {
          "loc": {
            "start": {
              "line": 23,
              "column": 8
            },
            "end": {
              "line": 25,
              "column": null
            }
          },
          "type": "if",
          "locations": [
            {
              "start": {
                "line": 23,
                "column": 8
              },
              "end": {
                "line": 25,
                "column": null
              }
            },
            {
              "start": {
                "line": 23,
                "column": 8
              },
              "end": {
                "line": 25,
                "column": null
              }
            }
          ]
        }
      },
      "s": {
        "0": 1,
        "1": 1,
        "2": 1,
        "3": 1,
        "4": 1,
        "5": 2,
        "6": 2,
        "7": 1,
        "8": 1,
        "9": 1,
        "10": 1,
        "11": 1,
        "12": 1,
        "13": 1,
        "14": 1
      },
      "f": {
        "0": 1,
        "1": 1,
        "2": 2,
        "3": 1
      },
      "b": {
        "0": [
          1,
          1
        ],
        "1": [
          1,
          0
        ]
      }
    },
    "/home/pascal/local/logger/src/logger/index.ts": {
      "path": "/home/pascal/local/logger/src/logger/index.ts",
      "statementMap": {
        "0": {
          "start": {
            "line": 1,
            "column": 0
          },
          "end": {
            "line": 1,
            "column": 24
          }
        }
      },
      "fnMap": {},
      "branchMap": {},
      "s": {
        "0": 1
      },
      "f": {},
      "b": {}
    },
    "/home/pascal/local/logger/src/logger/logger.ts": {
      "path": "/home/pascal/local/logger/src/logger/logger.ts",
      "statementMap": {
        "0": {
          "start": {
            "line": 1,
            "column": 0
          },
          "end": {
            "line": 1,
            "column": 82
          }
        },
        "1": {
          "start": {
            "line": 4,
            "column": 0
          },
          "end": {
            "line": 4,
            "column": 46
          }
        },
        "2": {
          "start": {
            "line": 6,
            "column": 0
          },
          "end": {
            "line": 6,
            "column": null
          }
        },
        "3": {
          "start": {
            "line": 10,
            "column": 4
          },
          "end": {
            "line": 10,
            "column": 16
          }
        },
        "4": {
          "start": {
            "line": 12,
            "column": 8
          },
          "end": {
            "line": 18,
            "column": null
          }
        },
        "5": {
          "start": {
            "line": 20,
            "column": 8
          },
          "end": {
            "line": 21,
            "column": null
          }
        },
        "6": {
          "start": {
            "line": 21,
            "column": 36
          },
          "end": {
            "line": 21,
            "column": 88
          }
        },
        "7": {
          "start": {
            "line": 25,
            "column": 4
          },
          "end": {
            "line": 27,
            "column": null
          }
        },
        "8": {
          "start": {
            "line": 26,
            "column": 8
          },
          "end": {
            "line": 26,
            "column": null
          }
        },
        "9": {
          "start": {
            "line": 29,
            "column": 4
          },
          "end": {
            "line": 31,
            "column": null
          }
        },
        "10": {
          "start": {
            "line": 30,
            "column": 8
          },
          "end": {
            "line": 30,
            "column": null
          }
        },
        "11": {
          "start": {
            "line": 33,
            "column": 4
          },
          "end": {
            "line": 35,
            "column": null
          }
        },
        "12": {
          "start": {
            "line": 34,
            "column": 8
          },
          "end": {
            "line": 34,
            "column": null
          }
        },
        "13": {
          "start": {
            "line": 37,
            "column": 4
          },
          "end": {
            "line": 50,
            "column": null
          }
        },
        "14": {
          "start": {
            "line": 38,
            "column": 16
          },
          "end": {
            "line": 39,
            "column": null
          }
        },
        "15": {
          "start": {
            "line": 42,
            "column": 8
          },
          "end": {
            "line": 47,
            "column": null
          }
        },
        "16": {
          "start": {
            "line": 43,
            "column": 12
          },
          "end": {
            "line": 46,
            "column": null
          }
        },
        "17": {
          "start": {
            "line": 49,
            "column": 8
          },
          "end": {
            "line": 49,
            "column": null
          }
        },
        "18": {
          "start": {
            "line": 52,
            "column": 0
          },
          "end": {
            "line": 52,
            "column": null
          }
        },
        "19": {
          "start": {
            "line": 54,
            "column": 13
          },
          "end": {
            "line": 56,
            "column": null
          }
        },
        "20": {
          "start": {
            "line": 55,
            "column": 4
          },
          "end": {
            "line": 55,
            "column": null
          }
        }
      },
      "fnMap": {
        "0": {
          "name": "(anonymous_2)",
          "decl": {
            "start": {
              "line": 6,
              "column": 0
            },
            "end": {
              "line": 6,
              "column": null
            }
          },
          "loc": {
            "start": {
              "line": 6,
              "column": 0
            },
            "end": {
              "line": 52,
              "column": null
            }
          }
        },
        "1": {
          "name": "LoggerImpl",
          "decl": {
            "start": {
              "line": 10,
              "column": 4
            },
            "end": {
              "line": 10,
              "column": 16
            }
          },
          "loc": {
            "start": {
              "line": 10,
              "column": 53
            },
            "end": {
              "line": 22,
              "column": 5
            }
          }
        },
        "2": {
          "name": "(anonymous_4)",
          "decl": {
            "start": {
              "line": 21,
              "column": 21
            },
            "end": {
              "line": 21,
              "column": 22
            }
          },
          "loc": {
            "start": {
              "line": 21,
              "column": 31
            },
            "end": {
              "line": 21,
              "column": 40
            }
          }
        },
        "3": {
          "name": "(anonymous_5)",
          "decl": {
            "start": {
              "line": 25,
              "column": 4
            },
            "end": {
              "line": 25,
              "column": 9
            }
          },
          "loc": {
            "start": {
              "line": 25,
              "column": 40
            },
            "end": {
              "line": 27,
              "column": 5
            }
          }
        },
        "4": {
          "name": "(anonymous_6)",
          "decl": {
            "start": {
              "line": 29,
              "column": 4
            },
            "end": {
              "line": 29,
              "column": 8
            }
          },
          "loc": {
            "start": {
              "line": 29,
              "column": 39
            },
            "end": {
              "line": 31,
              "column": 5
            }
          }
        },
        "5": {
          "name": "(anonymous_7)",
          "decl": {
            "start": {
              "line": 33,
              "column": 4
            },
            "end": {
              "line": 33,
              "column": 11
            }
          },
          "loc": {
            "start": {
              "line": 33,
              "column": 42
            },
            "end": {
              "line": 35,
              "column": 5
            }
          }
        },
        "6": {
          "name": "(anonymous_8)",
          "decl": {
            "start": {
              "line": 37,
              "column": 4
            },
            "end": {
              "line": 37,
              "column": 9
            }
          },
          "loc": {
            "start": {
              "line": 37,
              "column": 48
            },
            "end": {
              "line": 50,
              "column": 5
            }
          }
        },
        "7": {
          "name": "(anonymous_9)",
          "decl": {
            "start": {
              "line": 54,
              "column": 28
            },
            "end": {
              "line": 54,
              "column": 29
            }
          },
          "loc": {
            "start": {
              "line": 54,
              "column": 66
            },
            "end": {
              "line": 56,
              "column": 1
            }
          }
        }
      },
      "branchMap": {
        "0": {
          "loc": {
            "start": {
              "line": 42,
              "column": 8
            },
            "end": {
              "line": 47,
              "column": null
            }
          },
          "type": "if",
          "locations": [
            {
              "start": {
                "line": 42,
                "column": 8
              },
              "end": {
                "line": 47,
                "column": null
              }
            },
            {
              "start": {
                "line": 42,
                "column": 8
              },
              "end": {
                "line": 47,
                "column": null
              }
            }
          ]
        },
        "1": {
          "loc": {
            "start": {
              "line": 49,
              "column": 54
            },
            "end": {
              "line": 49,
              "column": 69
            }
          },
          "type": "cond-expr",
          "locations": [
            {
              "start": {
                "line": 49,
                "column": 54
              },
              "end": {
                "line": 49,
                "column": 69
              }
            },
            {
              "start": {
                "line": 49,
                "column": 72
              },
              "end": {
                "line": 49,
                "column": 79
              }
            }
          ]
        }
      },
      "s": {
        "0": 1,
        "1": 1,
        "2": 1,
        "3": 1,
        "4": 1,
        "5": 1,
        "6": 0,
        "7": 1,
        "8": 0,
        "9": 1,
        "10": 0,
        "11": 1,
        "12": 0,
        "13": 1,
        "14": 0,
        "15": 0,
        "16": 0,
        "17": 0,
        "18": 1,
        "19": 1,
        "20": 1
      },
      "f": {
        "0": 1,
        "1": 1,
        "2": 0,
        "3": 0,
        "4": 0,
        "5": 0,
        "6": 0,
        "7": 1
      },
      "b": {
        "0": [
          0,
          0
        ],
        "1": [
          0,
          0
        ]
      }
    },
    "/home/pascal/local/logger/src/transport/index.ts": {
      "path": "/home/pascal/local/logger/src/transport/index.ts",
      "statementMap": {
        "0": {
          "start": {
            "line": 1,
            "column": 0
          },
          "end": {
            "line": 1,
            "column": 25
          }
        },
        "1": {
          "start": {
            "line": 2,
            "column": 0
          },
          "end": {
            "line": 2,
            "column": 34
          }
        },
        "2": {
          "start": {
            "line": 3,
            "column": 0
          },
          "end": {
            "line": 3,
            "column": 25
          }
        },
        "3": {
          "start": {
            "line": 6,
            "column": 0
          },
          "end": {
            "line": 6,
            "column": 22
          }
        }
      },
      "fnMap": {},
      "branchMap": {},
      "s": {
        "0": 1,
        "1": 1,
        "2": 1,
        "3": 1
      },
      "f": {},
      "b": {}
    },
    "/home/pascal/local/logger/src/transport/console.ts": {
      "path": "/home/pascal/local/logger/src/transport/console.ts",
      "statementMap": {
        "0": {
          "start": {
            "line": 1,
            "column": 0
          },
          "end": {
            "line": 1,
            "column": 44
          }
        },
        "1": {
          "start": {
            "line": 10,
            "column": 13
          },
          "end": {
            "line": 15,
            "column": null
          }
        },
        "2": {
          "start": {
            "line": 11,
            "column": 4
          },
          "end": {
            "line": 14,
            "column": null
          }
        }
      },
      "fnMap": {
        "0": {
          "name": "(anonymous_0)",
          "decl": {
            "start": {
              "line": 10,
              "column": 38
            },
            "end": {
              "line": 10,
              "column": 39
            }
          },
          "loc": {
            "start": {
              "line": 10,
              "column": 81
            },
            "end": {
              "line": 15,
              "column": 1
            }
          }
        }
      },
      "branchMap": {},
      "s": {
        "0": 1,
        "1": 1,
        "2": 0
      },
      "f": {
        "0": 0
      },
      "b": {}
    },
    "/home/pascal/local/logger/src/transport/create-transport.ts": {
      "path": "/home/pascal/local/logger/src/transport/create-transport.ts",
      "statementMap": {
        "0": {
          "start": {
            "line": 4,
            "column": 0
          },
          "end": {
            "line": 4,
            "column": 50
          }
        },
        "1": {
          "start": {
            "line": 5,
            "column": 0
          },
          "end": {
            "line": 5,
            "column": 50
          }
        },
        "2": {
          "start": {
            "line": 6,
            "column": 0
          },
          "end": {
            "line": 6,
            "column": 44
          }
        },
        "3": {
          "start": {
            "line": 8,
            "column": 13
          },
          "end": {
            "line": 17,
            "column": null
          }
        },
        "4": {
          "start": {
            "line": 9,
            "column": 4
          },
          "end": {
            "line": 16,
            "column": null
          }
        },
        "5": {
          "start": {
            "line": 11,
            "column": 12
          },
          "end": {
            "line": 11,
            "column": null
          }
        },
        "6": {
          "start": {
            "line": 13,
            "column": 12
          },
          "end": {
            "line": 13,
            "column": null
          }
        },
        "7": {
          "start": {
            "line": 15,
            "column": 12
          },
          "end": {
            "line": 15,
            "column": null
          }
        }
      },
      "fnMap": {
        "0": {
          "name": "(anonymous_0)",
          "decl": {
            "start": {
              "line": 8,
              "column": 31
            },
            "end": {
              "line": 8,
              "column": 32
            }
          },
          "loc": {
            "start": {
              "line": 8,
              "column": 67
            },
            "end": {
              "line": 17,
              "column": 1
            }
          }
        }
      },
      "branchMap": {
        "0": {
          "loc": {
            "start": {
              "line": 10,
              "column": 8
            },
            "end": {
              "line": 11,
              "column": null
            }
          },
          "type": "switch",
          "locations": [
            {
              "start": {
                "line": 10,
                "column": 8
              },
              "end": {
                "line": 11,
                "column": null
              }
            },
            {
              "start": {
                "line": 12,
                "column": 8
              },
              "end": {
                "line": 13,
                "column": null
              }
            },
            {
              "start": {
                "line": 14,
                "column": 8
              },
              "end": {
                "line": 15,
                "column": null
              }
            }
          ]
        }
      },
      "s": {
        "0": 1,
        "1": 1,
        "2": 1,
        "3": 1,
        "4": 0,
        "5": 0,
        "6": 0,
        "7": 0
      },
      "f": {
        "0": 0
      },
      "b": {
        "0": [
          0,
          0,
          0
        ]
      }
    },
    "/home/pascal/local/logger/src/transport/graylog.ts": {
      "path": "/home/pascal/local/logger/src/transport/graylog.ts",
      "statementMap": {
        "0": {
          "start": {
            "line": 1,
            "column": 0
          },
          "end": {
            "line": 1,
            "column": 53
          }
        },
        "1": {
          "start": {
            "line": 17,
            "column": 13
          },
          "end": {
            "line": 29,
            "column": null
          }
        },
        "2": {
          "start": {
            "line": 18,
            "column": 4
          },
          "end": {
            "line": 28,
            "column": null
          }
        }
      },
      "fnMap": {
        "0": {
          "name": "(anonymous_0)",
          "decl": {
            "start": {
              "line": 17,
              "column": 38
            },
            "end": {
              "line": 17,
              "column": 39
            }
          },
          "loc": {
            "start": {
              "line": 17,
              "column": 81
            },
            "end": {
              "line": 29,
              "column": 1
            }
          }
        }
      },
      "branchMap": {
        "0": {
          "loc": {
            "start": {
              "line": 22,
              "column": 22
            },
            "end": {
              "line": 22,
              "column": 40
            }
          },
          "type": "binary-expr",
          "locations": [
            {
              "start": {
                "line": 22,
                "column": 22
              },
              "end": {
                "line": 22,
                "column": 40
              }
            },
            {
              "start": {
                "line": 22,
                "column": 44
              },
              "end": {
                "line": 22,
                "column": 69
              }
            },
            {
              "start": {
                "line": 22,
                "column": 73
              },
              "end": {
                "line": 22,
                "column": 93
              }
            },
            {
              "start": {
                "line": 22,
                "column": 97
              },
              "end": {
                "line": 22,
                "column": 105
              }
            }
          ]
        }
      },
      "s": {
        "0": 1,
        "1": 1,
        "2": 0
      },
      "f": {
        "0": 0
      },
      "b": {
        "0": [
          0,
          0,
          0,
          0
        ]
      }
    },
    "/home/pascal/local/logger/src/transport/file.ts": {
      "path": "/home/pascal/local/logger/src/transport/file.ts",
      "statementMap": {
        "0": {
          "start": {
            "line": 1,
            "column": 0
          },
          "end": {
            "line": 1,
            "column": 36
          }
        },
        "1": {
          "start": {
            "line": 11,
            "column": 13
          },
          "end": {
            "line": 16,
            "column": null
          }
        },
        "2": {
          "start": {
            "line": 12,
            "column": 4
          },
          "end": {
            "line": 15,
            "column": null
          }
        }
      },
      "fnMap": {
        "0": {
          "name": "(anonymous_0)",
          "decl": {
            "start": {
              "line": 11,
              "column": 35
            },
            "end": {
              "line": 11,
              "column": 36
            }
          },
          "loc": {
            "start": {
              "line": 11,
              "column": 75
            },
            "end": {
              "line": 16,
              "column": 1
            }
          }
        }
      },
      "branchMap": {},
      "s": {
        "0": 1,
        "1": 1,
        "2": 0
      },
      "f": {
        "0": 0
      },
      "b": {}
    }
  }
}